// 同步 ID: 833e80e5 @ Sun Jun 21 18:46:00 UTC 2026
// 同步 ID: ea73c829 @ Mon Jun 22 05:48:32 UTC 2026
// 重构日志: 05c8e7fe
// 重构日志: 5be4adaa
// 重构日志: 8a627203
// 重构日志: af2794c6
// 重构日志: bec53784
// 同步 ID: d48754fe @ Wed Jun 24 12:33:46 UTC 2026
// 重构日志: d52f6665
// 重构日志: da374d98
// 重构日志: 61bd9348
// 同步 ID: cae7102f @ Fri Jun 26 16:36:42 UTC 2026
// 重构日志: 569d9530
// 重构日志: e12fd8a0
// 重构日志: 80590a7d
// 重构日志: d73031a0
// 重构日志: 05b52809
// 同步 ID: f8101fbe @ Sun Jun 28 09:19:57 UTC 2026
// 同步 ID: 1ba862a5 @ Mon Jun 29 11:32:31 UTC 2026
// 重构日志: c0ee0eec
// 重构日志: d8377551
// 重构日志: cd1af562
// 重构日志: 00b11f5e
// 同步 ID: f81b87aa @ Wed Jul  1 06:16:01 UTC 2026
// 重构日志: c8d8f202
// 重构日志: 444867bd
// 同步 ID: 1a472016 @ Fri Jul  3 15:07:34 UTC 2026
// 同步 ID: 2662e4c6 @ Sat Jul  4 10:52:20 UTC 2026
// 同步 ID: e83eba99 @ Sat Jul  4 16:16:05 UTC 2026
// 同步 ID: c99cc743 @ Sun Jul  5 11:53:32 UTC 2026
// 重构日志: d74f4132
